<?xml version="1.0" encoding="UTF-8"?>
<!-- Generated by org.testng.reporters.JUnitXMLReporter -->
<testsuite hostname="Gokce-Tuncay-2.local" name="AdidasChallange" tests="3" failures="0" timestamp="28 Jan 2018 19:17:05 GMT" time="0.024" errors="0">
  <testcase name="@BeforeTest setup" time="0.0" classname="com.adidas.app.ObjectRepository.FunctionalTest">
    <failure type="org.testng.TestNGException" message="
Parameter &amp;apos;browser&amp;apos; is required by @Configuration on method setup but has not been marked @Optional or defined
in /Users/trtuncag/Library/Caches/IntelliJIdea2016.1/temp-testng-customsuite.xml">
      <![CDATA[org.testng.TestNGException: 
Parameter 'browser' is required by @Configuration on method setup but has not been marked @Optional or defined
in /Users/trtuncag/Library/Caches/IntelliJIdea2016.1/temp-testng-customsuite.xml
	at com.intellij.rt.execution.application.AppMain.main(AppMain.java:144)
... Removed 22 stack frames]]>
    </failure>
  </testcase> <!-- @BeforeTest setup -->
  <testcase name="@AfterTest AfterTest" time="0.0" classname="com.adidas.app.ObjectRepository.FunctionalTest">
    <skipped/>
  </testcase> <!-- @AfterTest AfterTest -->
  <testcase name="FavoritesPage" time="0.004" classname="com.adidas.app.TestSuite.AdidasUITests">
    <skipped/>
  </testcase> <!-- FavoritesPage -->
  <testcase name="OpenHomePage" time="0.001" classname="com.adidas.app.TestSuite.AdidasUITests">
    <skipped/>
  </testcase> <!-- OpenHomePage -->
  <testcase name="ProductDetailsPage" time="0.0" classname="com.adidas.app.TestSuite.AdidasUITests">
    <skipped/>
  </testcase> <!-- ProductDetailsPage -->
</testsuite> <!-- AdidasChallange -->
